mode: atomic
github.com/mattermost/mattermost-plugin-memes/server/meme/template.go:14.63,19.35 4 0
github.com/mattermost/mattermost-plugin-memes/server/meme/template.go:19.35,20.21 1 0
github.com/mattermost/mattermost-plugin-memes/server/meme/template.go:20.21,21.9 1 0
github.com/mattermost/mattermost-plugin-memes/server/meme/template.go:23.3,23.28 1 0
github.com/mattermost/mattermost-plugin-memes/server/meme/template.go:26.2,26.17 1 0
github.com/mattermost/mattermost-plugin-memes/server/meme/text_slot.go:42.56,43.20 1 0
github.com/mattermost/mattermost-plugin-memes/server/meme/text_slot.go:43.20,45.3 1 0
github.com/mattermost/mattermost-plugin-memes/server/meme/text_slot.go:47.2,48.19 2 0
github.com/mattermost/mattermost-plugin-memes/server/meme/text_slot.go:48.19,50.3 1 0
github.com/mattermost/mattermost-plugin-memes/server/meme/text_slot.go:52.2,53.22 2 0
github.com/mattermost/mattermost-plugin-memes/server/meme/text_slot.go:53.22,55.3 1 0
github.com/mattermost/mattermost-plugin-memes/server/meme/text_slot.go:57.2,57.36 1 0
github.com/mattermost/mattermost-plugin-memes/server/meme/text_slot.go:57.36,58.28 1 0
github.com/mattermost/mattermost-plugin-memes/server/meme/text_slot.go:58.28,66.6 2 0
github.com/mattermost/mattermost-plugin-memes/server/meme/text_slot.go:66.6,74.5 2 0
github.com/mattermost/mattermost-plugin-memes/server/meme/text_slot.go:77.3,83.26 2 0
github.com/mattermost/mattermost-plugin-memes/server/meme/text_slot.go:93.56,95.21 2 0
github.com/mattermost/mattermost-plugin-memes/server/meme/text_slot.go:95.21,97.3 1 0
github.com/mattermost/mattermost-plugin-memes/server/meme/text_slot.go:99.2,102.22 3 0
github.com/mattermost/mattermost-plugin-memes/server/meme/text_slot.go:102.22,108.29 4 0
github.com/mattermost/mattermost-plugin-memes/server/meme/text_slot.go:108.29,110.12 2 0
github.com/mattermost/mattermost-plugin-memes/server/meme/text_slot.go:113.3,121.30 4 0
github.com/mattermost/mattermost-plugin-memes/server/meme/text_slot.go:122.15,123.35 1 0
github.com/mattermost/mattermost-plugin-memes/server/meme/text_slot.go:124.15,125.31 1 0
github.com/mattermost/mattermost-plugin-memes/server/meme/text_slot.go:128.3,128.32 1 0
github.com/mattermost/mattermost-plugin-memes/server/meme/text_slot.go:128.32,130.33 2 0
github.com/mattermost/mattermost-plugin-memes/server/meme/text_slot.go:131.16,132.30 1 0
github.com/mattermost/mattermost-plugin-memes/server/meme/text_slot.go:133.15,134.26 1 0
github.com/mattermost/mattermost-plugin-memes/server/meme/text_slot.go:136.4,140.5 2 0
github.com/mattermost/mattermost-plugin-memes/server/meme/text_slot.go:142.3,142.16 1 0
github.com/mattermost/mattermost-plugin-memes/server/meme/text_slot.go:145.2,145.12 1 0
github.com/mattermost/mattermost-plugin-memes/server/meme/text_slot.go:148.103,149.17 1 0
github.com/mattermost/mattermost-plugin-memes/server/meme/text_slot.go:149.17,151.17 2 0
github.com/mattermost/mattermost-plugin-memes/server/meme/text_slot.go:151.17,153.4 1 0
github.com/mattermost/mattermost-plugin-memes/server/meme/text_slot.go:154.3,156.19 3 0
github.com/mattermost/mattermost-plugin-memes/server/meme/text_slot.go:158.2,158.8 1 0
github.com/mattermost/mattermost-plugin-memes/server/meme/text_slot.go:161.98,171.25 7 0
github.com/mattermost/mattermost-plugin-memes/server/meme/text_slot.go:171.25,173.10 2 0
github.com/mattermost/mattermost-plugin-memes/server/meme/text_slot.go:173.10,174.12 1 0
github.com/mattermost/mattermost-plugin-memes/server/meme/text_slot.go:176.3,176.16 1 0
github.com/mattermost/mattermost-plugin-memes/server/meme/text_slot.go:176.16,178.4 1 0
github.com/mattermost/mattermost-plugin-memes/server/meme/text_slot.go:180.3,180.51 1 0
github.com/mattermost/mattermost-plugin-memes/server/meme/text_slot.go:180.51,183.4 2 0
github.com/mattermost/mattermost-plugin-memes/server/meme/text_slot.go:185.3,185.28 1 0
github.com/mattermost/mattermost-plugin-memes/server/meme/text_slot.go:185.28,186.22 1 0
github.com/mattermost/mattermost-plugin-memes/server/meme/text_slot.go:186.22,188.5 1 0
github.com/mattermost/mattermost-plugin-memes/server/meme/text_slot.go:189.4,189.93 1 0
github.com/mattermost/mattermost-plugin-memes/server/meme/text_slot.go:192.3,194.11 3 0
github.com/mattermost/mattermost-plugin-memes/server/meme/text_slot.go:197.2,197.24 1 0
github.com/mattermost/mattermost-plugin-memes/server/memelibrary/assets.go:132.60,134.16 2 115
github.com/mattermost/mattermost-plugin-memes/server/memelibrary/assets.go:134.16,136.3 1 0
github.com/mattermost/mattermost-plugin-memes/server/memelibrary/assets.go:138.2,142.16 4 115
github.com/mattermost/mattermost-plugin-memes/server/memelibrary/assets.go:142.16,144.3 1 0
github.com/mattermost/mattermost-plugin-memes/server/memelibrary/assets.go:145.2,145.18 1 115
github.com/mattermost/mattermost-plugin-memes/server/memelibrary/assets.go:145.18,147.3 1 0
github.com/mattermost/mattermost-plugin-memes/server/memelibrary/assets.go:149.2,149.25 1 115
github.com/mattermost/mattermost-plugin-memes/server/memelibrary/assets.go:164.41,166.2 1 0
github.com/mattermost/mattermost-plugin-memes/server/memelibrary/assets.go:167.40,169.2 1 0
github.com/mattermost/mattermost-plugin-memes/server/memelibrary/assets.go:170.46,172.2 1 0
github.com/mattermost/mattermost-plugin-memes/server/memelibrary/assets.go:173.47,175.2 1 0
github.com/mattermost/mattermost-plugin-memes/server/memelibrary/assets.go:176.40,178.2 1 0
github.com/mattermost/mattermost-plugin-memes/server/memelibrary/assets.go:179.45,181.2 1 0
github.com/mattermost/mattermost-plugin-memes/server/memelibrary/assets.go:185.50,190.2 1 1
github.com/mattermost/mattermost-plugin-memes/server/memelibrary/assets.go:192.45,194.16 2 1
github.com/mattermost/mattermost-plugin-memes/server/memelibrary/assets.go:194.16,196.3 1 0
github.com/mattermost/mattermost-plugin-memes/server/memelibrary/assets.go:198.2,200.15 3 1
github.com/mattermost/mattermost-plugin-memes/server/memelibrary/assets.go:205.51,210.2 1 1
github.com/mattermost/mattermost-plugin-memes/server/memelibrary/assets.go:212.46,214.16 2 1
github.com/mattermost/mattermost-plugin-memes/server/memelibrary/assets.go:214.16,216.3 1 0
github.com/mattermost/mattermost-plugin-memes/server/memelibrary/assets.go:218.2,220.15 3 1
github.com/mattermost/mattermost-plugin-memes/server/memelibrary/assets.go:225.54,230.2 1 1
github.com/mattermost/mattermost-plugin-memes/server/memelibrary/assets.go:232.49,234.16 2 1
github.com/mattermost/mattermost-plugin-memes/server/memelibrary/assets.go:234.16,236.3 1 0
github.com/mattermost/mattermost-plugin-memes/server/memelibrary/assets.go:238.2,240.15 3 1
github.com/mattermost/mattermost-plugin-memes/server/memelibrary/assets.go:245.51,250.2 1 2
github.com/mattermost/mattermost-plugin-memes/server/memelibrary/assets.go:252.46,254.16 2 2
github.com/mattermost/mattermost-plugin-memes/server/memelibrary/assets.go:254.16,256.3 1 0
github.com/mattermost/mattermost-plugin-memes/server/memelibrary/assets.go:258.2,260.15 3 2
github.com/mattermost/mattermost-plugin-memes/server/memelibrary/assets.go:265.52,270.2 1 1
github.com/mattermost/mattermost-plugin-memes/server/memelibrary/assets.go:272.47,274.16 2 1
github.com/mattermost/mattermost-plugin-memes/server/memelibrary/assets.go:274.16,276.3 1 0
github.com/mattermost/mattermost-plugin-memes/server/memelibrary/assets.go:278.2,280.15 3 1
github.com/mattermost/mattermost-plugin-memes/server/memelibrary/assets.go:285.52,290.2 1 1
github.com/mattermost/mattermost-plugin-memes/server/memelibrary/assets.go:292.47,294.16 2 1
github.com/mattermost/mattermost-plugin-memes/server/memelibrary/assets.go:294.16,296.3 1 0
github.com/mattermost/mattermost-plugin-memes/server/memelibrary/assets.go:298.2,300.15 3 1
github.com/mattermost/mattermost-plugin-memes/server/memelibrary/assets.go:305.51,310.2 1 1
github.com/mattermost/mattermost-plugin-memes/server/memelibrary/assets.go:312.46,314.16 2 1
github.com/mattermost/mattermost-plugin-memes/server/memelibrary/assets.go:314.16,316.3 1 0
github.com/mattermost/mattermost-plugin-memes/server/memelibrary/assets.go:318.2,320.15 3 1
github.com/mattermost/mattermost-plugin-memes/server/memelibrary/assets.go:325.58,330.2 1 1
github.com/mattermost/mattermost-plugin-memes/server/memelibrary/assets.go:332.53,334.16 2 1
github.com/mattermost/mattermost-plugin-memes/server/memelibrary/assets.go:334.16,336.3 1 0
github.com/mattermost/mattermost-plugin-memes/server/memelibrary/assets.go:338.2,340.15 3 1
github.com/mattermost/mattermost-plugin-memes/server/memelibrary/assets.go:345.58,350.2 1 1
github.com/mattermost/mattermost-plugin-memes/server/memelibrary/assets.go:352.53,354.16 2 1
github.com/mattermost/mattermost-plugin-memes/server/memelibrary/assets.go:354.16,356.3 1 0
github.com/mattermost/mattermost-plugin-memes/server/memelibrary/assets.go:358.2,360.15 3 1
github.com/mattermost/mattermost-plugin-memes/server/memelibrary/assets.go:365.54,370.2 1 1
github.com/mattermost/mattermost-plugin-memes/server/memelibrary/assets.go:372.49,374.16 2 1
github.com/mattermost/mattermost-plugin-memes/server/memelibrary/assets.go:374.16,376.3 1 0
github.com/mattermost/mattermost-plugin-memes/server/memelibrary/assets.go:378.2,380.15 3 1
github.com/mattermost/mattermost-plugin-memes/server/memelibrary/assets.go:385.63,390.2 1 1
github.com/mattermost/mattermost-plugin-memes/server/memelibrary/assets.go:392.58,394.16 2 1
github.com/mattermost/mattermost-plugin-memes/server/memelibrary/assets.go:394.16,396.3 1 0
github.com/mattermost/mattermost-plugin-memes/server/memelibrary/assets.go:398.2,400.15 3 1
github.com/mattermost/mattermost-plugin-memes/server/memelibrary/assets.go:405.50,410.2 1 1
github.com/mattermost/mattermost-plugin-memes/server/memelibrary/assets.go:412.45,414.16 2 1
github.com/mattermost/mattermost-plugin-memes/server/memelibrary/assets.go:414.16,416.3 1 0
github.com/mattermost/mattermost-plugin-memes/server/memelibrary/assets.go:418.2,420.15 3 1
github.com/mattermost/mattermost-plugin-memes/server/memelibrary/assets.go:425.53,430.2 1 1
github.com/mattermost/mattermost-plugin-memes/server/memelibrary/assets.go:432.48,434.16 2 1
github.com/mattermost/mattermost-plugin-memes/server/memelibrary/assets.go:434.16,436.3 1 0
github.com/mattermost/mattermost-plugin-memes/server/memelibrary/assets.go:438.2,440.15 3 1
github.com/mattermost/mattermost-plugin-memes/server/memelibrary/assets.go:445.51,450.2 1 1
github.com/mattermost/mattermost-plugin-memes/server/memelibrary/assets.go:452.46,454.16 2 1
github.com/mattermost/mattermost-plugin-memes/server/memelibrary/assets.go:454.16,456.3 1 0
github.com/mattermost/mattermost-plugin-memes/server/memelibrary/assets.go:458.2,460.15 3 1
github.com/mattermost/mattermost-plugin-memes/server/memelibrary/assets.go:465.58,470.2 1 1
github.com/mattermost/mattermost-plugin-memes/server/memelibrary/assets.go:472.53,474.16 2 1
github.com/mattermost/mattermost-plugin-memes/server/memelibrary/assets.go:474.16,476.3 1 0
github.com/mattermost/mattermost-plugin-memes/server/memelibrary/assets.go:478.2,480.15 3 1
github.com/mattermost/mattermost-plugin-memes/server/memelibrary/assets.go:485.43,490.2 1 1
github.com/mattermost/mattermost-plugin-memes/server/memelibrary/assets.go:492.38,494.16 2 1
github.com/mattermost/mattermost-plugin-memes/server/memelibrary/assets.go:494.16,496.3 1 0
github.com/mattermost/mattermost-plugin-memes/server/memelibrary/assets.go:498.2,500.15 3 1
github.com/mattermost/mattermost-plugin-memes/server/memelibrary/assets.go:505.44,510.2 1 1
github.com/mattermost/mattermost-plugin-memes/server/memelibrary/assets.go:512.39,514.16 2 1
github.com/mattermost/mattermost-plugin-memes/server/memelibrary/assets.go:514.16,516.3 1 0
github.com/mattermost/mattermost-plugin-memes/server/memelibrary/assets.go:518.2,520.15 3 1
github.com/mattermost/mattermost-plugin-memes/server/memelibrary/assets.go:525.49,530.2 1 1
github.com/mattermost/mattermost-plugin-memes/server/memelibrary/assets.go:532.44,534.16 2 1
github.com/mattermost/mattermost-plugin-memes/server/memelibrary/assets.go:534.16,536.3 1 0
github.com/mattermost/mattermost-plugin-memes/server/memelibrary/assets.go:538.2,540.15 3 1
github.com/mattermost/mattermost-plugin-memes/server/memelibrary/assets.go:545.43,550.2 1 1
github.com/mattermost/mattermost-plugin-memes/server/memelibrary/assets.go:552.38,554.16 2 1
github.com/mattermost/mattermost-plugin-memes/server/memelibrary/assets.go:554.16,556.3 1 0
github.com/mattermost/mattermost-plugin-memes/server/memelibrary/assets.go:558.2,560.15 3 1
github.com/mattermost/mattermost-plugin-memes/server/memelibrary/assets.go:565.57,570.2 1 1
github.com/mattermost/mattermost-plugin-memes/server/memelibrary/assets.go:572.52,574.16 2 1
github.com/mattermost/mattermost-plugin-memes/server/memelibrary/assets.go:574.16,576.3 1 0
github.com/mattermost/mattermost-plugin-memes/server/memelibrary/assets.go:578.2,580.15 3 1
github.com/mattermost/mattermost-plugin-memes/server/memelibrary/assets.go:585.50,590.2 1 1
github.com/mattermost/mattermost-plugin-memes/server/memelibrary/assets.go:592.45,594.16 2 1
github.com/mattermost/mattermost-plugin-memes/server/memelibrary/assets.go:594.16,596.3 1 0
github.com/mattermost/mattermost-plugin-memes/server/memelibrary/assets.go:598.2,600.15 3 1
github.com/mattermost/mattermost-plugin-memes/server/memelibrary/assets.go:605.46,610.2 1 1
github.com/mattermost/mattermost-plugin-memes/server/memelibrary/assets.go:612.41,614.16 2 1
github.com/mattermost/mattermost-plugin-memes/server/memelibrary/assets.go:614.16,616.3 1 0
github.com/mattermost/mattermost-plugin-memes/server/memelibrary/assets.go:618.2,620.15 3 1
github.com/mattermost/mattermost-plugin-memes/server/memelibrary/assets.go:625.50,630.2 1 1
github.com/mattermost/mattermost-plugin-memes/server/memelibrary/assets.go:632.45,634.16 2 1
github.com/mattermost/mattermost-plugin-memes/server/memelibrary/assets.go:634.16,636.3 1 0
github.com/mattermost/mattermost-plugin-memes/server/memelibrary/assets.go:638.2,640.15 3 1
github.com/mattermost/mattermost-plugin-memes/server/memelibrary/assets.go:645.48,650.2 1 1
github.com/mattermost/mattermost-plugin-memes/server/memelibrary/assets.go:652.43,654.16 2 1
github.com/mattermost/mattermost-plugin-memes/server/memelibrary/assets.go:654.16,656.3 1 0
github.com/mattermost/mattermost-plugin-memes/server/memelibrary/assets.go:658.2,660.15 3 1
github.com/mattermost/mattermost-plugin-memes/server/memelibrary/assets.go:665.46,670.2 1 1
github.com/mattermost/mattermost-plugin-memes/server/memelibrary/assets.go:672.41,674.16 2 1
github.com/mattermost/mattermost-plugin-memes/server/memelibrary/assets.go:674.16,676.3 1 0
github.com/mattermost/mattermost-plugin-memes/server/memelibrary/assets.go:678.2,680.15 3 1
github.com/mattermost/mattermost-plugin-memes/server/memelibrary/assets.go:685.50,690.2 1 1
github.com/mattermost/mattermost-plugin-memes/server/memelibrary/assets.go:692.45,694.16 2 1
github.com/mattermost/mattermost-plugin-memes/server/memelibrary/assets.go:694.16,696.3 1 0
github.com/mattermost/mattermost-plugin-memes/server/memelibrary/assets.go:698.2,700.15 3 1
github.com/mattermost/mattermost-plugin-memes/server/memelibrary/assets.go:705.56,710.2 1 1
github.com/mattermost/mattermost-plugin-memes/server/memelibrary/assets.go:712.51,714.16 2 1
github.com/mattermost/mattermost-plugin-memes/server/memelibrary/assets.go:714.16,716.3 1 0
github.com/mattermost/mattermost-plugin-memes/server/memelibrary/assets.go:718.2,720.15 3 1
github.com/mattermost/mattermost-plugin-memes/server/memelibrary/assets.go:725.52,730.2 1 1
github.com/mattermost/mattermost-plugin-memes/server/memelibrary/assets.go:732.47,734.16 2 1
github.com/mattermost/mattermost-plugin-memes/server/memelibrary/assets.go:734.16,736.3 1 0
github.com/mattermost/mattermost-plugin-memes/server/memelibrary/assets.go:738.2,740.15 3 1
github.com/mattermost/mattermost-plugin-memes/server/memelibrary/assets.go:745.47,750.2 1 1
github.com/mattermost/mattermost-plugin-memes/server/memelibrary/assets.go:752.42,754.16 2 1
github.com/mattermost/mattermost-plugin-memes/server/memelibrary/assets.go:754.16,756.3 1 0
github.com/mattermost/mattermost-plugin-memes/server/memelibrary/assets.go:758.2,760.15 3 1
github.com/mattermost/mattermost-plugin-memes/server/memelibrary/assets.go:765.48,770.2 1 1
github.com/mattermost/mattermost-plugin-memes/server/memelibrary/assets.go:772.43,774.16 2 1
github.com/mattermost/mattermost-plugin-memes/server/memelibrary/assets.go:774.16,776.3 1 0
github.com/mattermost/mattermost-plugin-memes/server/memelibrary/assets.go:778.2,780.15 3 1
github.com/mattermost/mattermost-plugin-memes/server/memelibrary/assets.go:785.55,790.2 1 1
github.com/mattermost/mattermost-plugin-memes/server/memelibrary/assets.go:792.50,794.16 2 1
github.com/mattermost/mattermost-plugin-memes/server/memelibrary/assets.go:794.16,796.3 1 0
github.com/mattermost/mattermost-plugin-memes/server/memelibrary/assets.go:798.2,800.15 3 1
github.com/mattermost/mattermost-plugin-memes/server/memelibrary/assets.go:805.44,810.2 1 1
github.com/mattermost/mattermost-plugin-memes/server/memelibrary/assets.go:812.39,814.16 2 1
github.com/mattermost/mattermost-plugin-memes/server/memelibrary/assets.go:814.16,816.3 1 0
github.com/mattermost/mattermost-plugin-memes/server/memelibrary/assets.go:818.2,820.15 3 1
github.com/mattermost/mattermost-plugin-memes/server/memelibrary/assets.go:825.63,830.2 1 1
github.com/mattermost/mattermost-plugin-memes/server/memelibrary/assets.go:832.58,834.16 2 1
github.com/mattermost/mattermost-plugin-memes/server/memelibrary/assets.go:834.16,836.3 1 0
github.com/mattermost/mattermost-plugin-memes/server/memelibrary/assets.go:838.2,840.15 3 1
github.com/mattermost/mattermost-plugin-memes/server/memelibrary/assets.go:845.52,850.2 1 1
github.com/mattermost/mattermost-plugin-memes/server/memelibrary/assets.go:852.47,854.16 2 1
github.com/mattermost/mattermost-plugin-memes/server/memelibrary/assets.go:854.16,856.3 1 0
github.com/mattermost/mattermost-plugin-memes/server/memelibrary/assets.go:858.2,860.15 3 1
github.com/mattermost/mattermost-plugin-memes/server/memelibrary/assets.go:865.53,870.2 1 1
github.com/mattermost/mattermost-plugin-memes/server/memelibrary/assets.go:872.48,874.16 2 1
github.com/mattermost/mattermost-plugin-memes/server/memelibrary/assets.go:874.16,876.3 1 0
github.com/mattermost/mattermost-plugin-memes/server/memelibrary/assets.go:878.2,880.15 3 1
github.com/mattermost/mattermost-plugin-memes/server/memelibrary/assets.go:885.50,890.2 1 1
github.com/mattermost/mattermost-plugin-memes/server/memelibrary/assets.go:892.45,894.16 2 1
github.com/mattermost/mattermost-plugin-memes/server/memelibrary/assets.go:894.16,896.3 1 0
github.com/mattermost/mattermost-plugin-memes/server/memelibrary/assets.go:898.2,900.15 3 1
github.com/mattermost/mattermost-plugin-memes/server/memelibrary/assets.go:905.48,910.2 1 1
github.com/mattermost/mattermost-plugin-memes/server/memelibrary/assets.go:912.43,914.16 2 1
github.com/mattermost/mattermost-plugin-memes/server/memelibrary/assets.go:914.16,916.3 1 0
github.com/mattermost/mattermost-plugin-memes/server/memelibrary/assets.go:918.2,920.15 3 1
github.com/mattermost/mattermost-plugin-memes/server/memelibrary/assets.go:925.54,930.2 1 1
github.com/mattermost/mattermost-plugin-memes/server/memelibrary/assets.go:932.49,934.16 2 1
github.com/mattermost/mattermost-plugin-memes/server/memelibrary/assets.go:934.16,936.3 1 0
github.com/mattermost/mattermost-plugin-memes/server/memelibrary/assets.go:938.2,940.15 3 1
github.com/mattermost/mattermost-plugin-memes/server/memelibrary/assets.go:945.59,950.2 1 1
github.com/mattermost/mattermost-plugin-memes/server/memelibrary/assets.go:952.54,954.16 2 1
github.com/mattermost/mattermost-plugin-memes/server/memelibrary/assets.go:954.16,956.3 1 0
github.com/mattermost/mattermost-plugin-memes/server/memelibrary/assets.go:958.2,960.15 3 1
github.com/mattermost/mattermost-plugin-memes/server/memelibrary/assets.go:965.48,970.2 1 1
github.com/mattermost/mattermost-plugin-memes/server/memelibrary/assets.go:972.43,974.16 2 1
github.com/mattermost/mattermost-plugin-memes/server/memelibrary/assets.go:974.16,976.3 1 0
github.com/mattermost/mattermost-plugin-memes/server/memelibrary/assets.go:978.2,980.15 3 1
github.com/mattermost/mattermost-plugin-memes/server/memelibrary/assets.go:985.59,990.2 1 1
github.com/mattermost/mattermost-plugin-memes/server/memelibrary/assets.go:992.54,994.16 2 1
github.com/mattermost/mattermost-plugin-memes/server/memelibrary/assets.go:994.16,996.3 1 0
github.com/mattermost/mattermost-plugin-memes/server/memelibrary/assets.go:998.2,1000.15 3 1
github.com/mattermost/mattermost-plugin-memes/server/memelibrary/assets.go:1005.48,1010.2 1 1
github.com/mattermost/mattermost-plugin-memes/server/memelibrary/assets.go:1012.43,1014.16 2 1
github.com/mattermost/mattermost-plugin-memes/server/memelibrary/assets.go:1014.16,1016.3 1 0
github.com/mattermost/mattermost-plugin-memes/server/memelibrary/assets.go:1018.2,1020.15 3 1
github.com/mattermost/mattermost-plugin-memes/server/memelibrary/assets.go:1025.49,1030.2 1 1
github.com/mattermost/mattermost-plugin-memes/server/memelibrary/assets.go:1032.44,1034.16 2 1
github.com/mattermost/mattermost-plugin-memes/server/memelibrary/assets.go:1034.16,1036.3 1 0
github.com/mattermost/mattermost-plugin-memes/server/memelibrary/assets.go:1038.2,1040.15 3 1
github.com/mattermost/mattermost-plugin-memes/server/memelibrary/assets.go:1045.49,1050.2 1 1
github.com/mattermost/mattermost-plugin-memes/server/memelibrary/assets.go:1052.44,1054.16 2 1
github.com/mattermost/mattermost-plugin-memes/server/memelibrary/assets.go:1054.16,1056.3 1 0
github.com/mattermost/mattermost-plugin-memes/server/memelibrary/assets.go:1058.2,1060.15 3 1
github.com/mattermost/mattermost-plugin-memes/server/memelibrary/assets.go:1065.55,1070.2 1 1
github.com/mattermost/mattermost-plugin-memes/server/memelibrary/assets.go:1072.50,1074.16 2 1
github.com/mattermost/mattermost-plugin-memes/server/memelibrary/assets.go:1074.16,1076.3 1 0
github.com/mattermost/mattermost-plugin-memes/server/memelibrary/assets.go:1078.2,1080.15 3 1
github.com/mattermost/mattermost-plugin-memes/server/memelibrary/assets.go:1085.70,1090.2 1 1
github.com/mattermost/mattermost-plugin-memes/server/memelibrary/assets.go:1092.65,1094.16 2 1
github.com/mattermost/mattermost-plugin-memes/server/memelibrary/assets.go:1094.16,1096.3 1 0
github.com/mattermost/mattermost-plugin-memes/server/memelibrary/assets.go:1098.2,1100.15 3 1
github.com/mattermost/mattermost-plugin-memes/server/memelibrary/assets.go:1105.53,1110.2 1 1
github.com/mattermost/mattermost-plugin-memes/server/memelibrary/assets.go:1112.48,1114.16 2 1
github.com/mattermost/mattermost-plugin-memes/server/memelibrary/assets.go:1114.16,1116.3 1 0
github.com/mattermost/mattermost-plugin-memes/server/memelibrary/assets.go:1118.2,1120.15 3 1
github.com/mattermost/mattermost-plugin-memes/server/memelibrary/assets.go:1125.49,1130.2 1 1
github.com/mattermost/mattermost-plugin-memes/server/memelibrary/assets.go:1132.44,1134.16 2 1
github.com/mattermost/mattermost-plugin-memes/server/memelibrary/assets.go:1134.16,1136.3 1 0
github.com/mattermost/mattermost-plugin-memes/server/memelibrary/assets.go:1138.2,1140.15 3 1
github.com/mattermost/mattermost-plugin-memes/server/memelibrary/assets.go:1145.50,1150.2 1 1
github.com/mattermost/mattermost-plugin-memes/server/memelibrary/assets.go:1152.45,1154.16 2 1
github.com/mattermost/mattermost-plugin-memes/server/memelibrary/assets.go:1154.16,1156.3 1 0
github.com/mattermost/mattermost-plugin-memes/server/memelibrary/assets.go:1158.2,1160.15 3 1
github.com/mattermost/mattermost-plugin-memes/server/memelibrary/assets.go:1165.48,1170.2 1 1
github.com/mattermost/mattermost-plugin-memes/server/memelibrary/assets.go:1172.43,1174.16 2 1
github.com/mattermost/mattermost-plugin-memes/server/memelibrary/assets.go:1174.16,1176.3 1 0
github.com/mattermost/mattermost-plugin-memes/server/memelibrary/assets.go:1178.2,1180.15 3 1
github.com/mattermost/mattermost-plugin-memes/server/memelibrary/assets.go:1185.51,1190.2 1 1
github.com/mattermost/mattermost-plugin-memes/server/memelibrary/assets.go:1192.46,1194.16 2 1
github.com/mattermost/mattermost-plugin-memes/server/memelibrary/assets.go:1194.16,1196.3 1 0
github.com/mattermost/mattermost-plugin-memes/server/memelibrary/assets.go:1198.2,1200.15 3 1
github.com/mattermost/mattermost-plugin-memes/server/memelibrary/assets.go:1205.47,1210.2 1 1
github.com/mattermost/mattermost-plugin-memes/server/memelibrary/assets.go:1212.42,1214.16 2 1
github.com/mattermost/mattermost-plugin-memes/server/memelibrary/assets.go:1214.16,1216.3 1 0
github.com/mattermost/mattermost-plugin-memes/server/memelibrary/assets.go:1218.2,1220.15 3 1
github.com/mattermost/mattermost-plugin-memes/server/memelibrary/assets.go:1225.55,1230.2 1 1
github.com/mattermost/mattermost-plugin-memes/server/memelibrary/assets.go:1232.50,1234.16 2 1
github.com/mattermost/mattermost-plugin-memes/server/memelibrary/assets.go:1234.16,1236.3 1 0
github.com/mattermost/mattermost-plugin-memes/server/memelibrary/assets.go:1238.2,1240.15 3 1
github.com/mattermost/mattermost-plugin-memes/server/memelibrary/assets.go:1245.53,1250.2 1 1
github.com/mattermost/mattermost-plugin-memes/server/memelibrary/assets.go:1252.48,1254.16 2 1
github.com/mattermost/mattermost-plugin-memes/server/memelibrary/assets.go:1254.16,1256.3 1 0
github.com/mattermost/mattermost-plugin-memes/server/memelibrary/assets.go:1258.2,1260.15 3 1
github.com/mattermost/mattermost-plugin-memes/server/memelibrary/assets.go:1265.49,1270.2 1 1
github.com/mattermost/mattermost-plugin-memes/server/memelibrary/assets.go:1272.44,1274.16 2 1
github.com/mattermost/mattermost-plugin-memes/server/memelibrary/assets.go:1274.16,1276.3 1 0
github.com/mattermost/mattermost-plugin-memes/server/memelibrary/assets.go:1278.2,1280.15 3 1
github.com/mattermost/mattermost-plugin-memes/server/memelibrary/assets.go:1285.43,1290.2 1 1
github.com/mattermost/mattermost-plugin-memes/server/memelibrary/assets.go:1292.38,1294.16 2 1
github.com/mattermost/mattermost-plugin-memes/server/memelibrary/assets.go:1294.16,1296.3 1 0
github.com/mattermost/mattermost-plugin-memes/server/memelibrary/assets.go:1298.2,1300.15 3 1
github.com/mattermost/mattermost-plugin-memes/server/memelibrary/assets.go:1305.53,1310.2 1 1
github.com/mattermost/mattermost-plugin-memes/server/memelibrary/assets.go:1312.48,1314.16 2 1
github.com/mattermost/mattermost-plugin-memes/server/memelibrary/assets.go:1314.16,1316.3 1 0
github.com/mattermost/mattermost-plugin-memes/server/memelibrary/assets.go:1318.2,1320.15 3 1
github.com/mattermost/mattermost-plugin-memes/server/memelibrary/assets.go:1325.45,1330.2 1 1
github.com/mattermost/mattermost-plugin-memes/server/memelibrary/assets.go:1332.40,1334.16 2 1
github.com/mattermost/mattermost-plugin-memes/server/memelibrary/assets.go:1334.16,1336.3 1 0
github.com/mattermost/mattermost-plugin-memes/server/memelibrary/assets.go:1338.2,1340.15 3 1
github.com/mattermost/mattermost-plugin-memes/server/memelibrary/assets.go:1345.54,1350.2 1 2
github.com/mattermost/mattermost-plugin-memes/server/memelibrary/assets.go:1352.49,1354.16 2 2
github.com/mattermost/mattermost-plugin-memes/server/memelibrary/assets.go:1354.16,1356.3 1 0
github.com/mattermost/mattermost-plugin-memes/server/memelibrary/assets.go:1358.2,1360.15 3 2
github.com/mattermost/mattermost-plugin-memes/server/memelibrary/assets.go:1365.55,1370.2 1 1
github.com/mattermost/mattermost-plugin-memes/server/memelibrary/assets.go:1372.50,1374.16 2 1
github.com/mattermost/mattermost-plugin-memes/server/memelibrary/assets.go:1374.16,1376.3 1 0
github.com/mattermost/mattermost-plugin-memes/server/memelibrary/assets.go:1378.2,1380.15 3 1
github.com/mattermost/mattermost-plugin-memes/server/memelibrary/assets.go:1385.55,1390.2 1 1
github.com/mattermost/mattermost-plugin-memes/server/memelibrary/assets.go:1392.50,1394.16 2 1
github.com/mattermost/mattermost-plugin-memes/server/memelibrary/assets.go:1394.16,1396.3 1 0
github.com/mattermost/mattermost-plugin-memes/server/memelibrary/assets.go:1398.2,1400.15 3 1
github.com/mattermost/mattermost-plugin-memes/server/memelibrary/assets.go:1405.54,1410.2 1 1
github.com/mattermost/mattermost-plugin-memes/server/memelibrary/assets.go:1412.49,1414.16 2 1
github.com/mattermost/mattermost-plugin-memes/server/memelibrary/assets.go:1414.16,1416.3 1 0
github.com/mattermost/mattermost-plugin-memes/server/memelibrary/assets.go:1418.2,1420.15 3 1
github.com/mattermost/mattermost-plugin-memes/server/memelibrary/assets.go:1425.61,1430.2 1 1
github.com/mattermost/mattermost-plugin-memes/server/memelibrary/assets.go:1432.56,1434.16 2 1
github.com/mattermost/mattermost-plugin-memes/server/memelibrary/assets.go:1434.16,1436.3 1 0
github.com/mattermost/mattermost-plugin-memes/server/memelibrary/assets.go:1438.2,1440.15 3 1
github.com/mattermost/mattermost-plugin-memes/server/memelibrary/assets.go:1445.61,1450.2 1 1
github.com/mattermost/mattermost-plugin-memes/server/memelibrary/assets.go:1452.56,1454.16 2 1
github.com/mattermost/mattermost-plugin-memes/server/memelibrary/assets.go:1454.16,1456.3 1 0
github.com/mattermost/mattermost-plugin-memes/server/memelibrary/assets.go:1458.2,1460.15 3 1
github.com/mattermost/mattermost-plugin-memes/server/memelibrary/assets.go:1465.57,1470.2 1 1
github.com/mattermost/mattermost-plugin-memes/server/memelibrary/assets.go:1472.52,1474.16 2 1
github.com/mattermost/mattermost-plugin-memes/server/memelibrary/assets.go:1474.16,1476.3 1 0
github.com/mattermost/mattermost-plugin-memes/server/memelibrary/assets.go:1478.2,1480.15 3 1
github.com/mattermost/mattermost-plugin-memes/server/memelibrary/assets.go:1485.66,1490.2 1 1
github.com/mattermost/mattermost-plugin-memes/server/memelibrary/assets.go:1492.61,1494.16 2 1
github.com/mattermost/mattermost-plugin-memes/server/memelibrary/assets.go:1494.16,1496.3 1 0
github.com/mattermost/mattermost-plugin-memes/server/memelibrary/assets.go:1498.2,1500.15 3 1
github.com/mattermost/mattermost-plugin-memes/server/memelibrary/assets.go:1505.53,1510.2 1 1
github.com/mattermost/mattermost-plugin-memes/server/memelibrary/assets.go:1512.48,1514.16 2 1
github.com/mattermost/mattermost-plugin-memes/server/memelibrary/assets.go:1514.16,1516.3 1 0
github.com/mattermost/mattermost-plugin-memes/server/memelibrary/assets.go:1518.2,1520.15 3 1
github.com/mattermost/mattermost-plugin-memes/server/memelibrary/assets.go:1525.56,1530.2 1 1
github.com/mattermost/mattermost-plugin-memes/server/memelibrary/assets.go:1532.51,1534.16 2 1
github.com/mattermost/mattermost-plugin-memes/server/memelibrary/assets.go:1534.16,1536.3 1 0
github.com/mattermost/mattermost-plugin-memes/server/memelibrary/assets.go:1538.2,1540.15 3 1
github.com/mattermost/mattermost-plugin-memes/server/memelibrary/assets.go:1545.54,1550.2 1 1
github.com/mattermost/mattermost-plugin-memes/server/memelibrary/assets.go:1552.49,1554.16 2 1
github.com/mattermost/mattermost-plugin-memes/server/memelibrary/assets.go:1554.16,1556.3 1 0
github.com/mattermost/mattermost-plugin-memes/server/memelibrary/assets.go:1558.2,1560.15 3 1
github.com/mattermost/mattermost-plugin-memes/server/memelibrary/assets.go:1565.61,1570.2 1 1
github.com/mattermost/mattermost-plugin-memes/server/memelibrary/assets.go:1572.56,1574.16 2 1
github.com/mattermost/mattermost-plugin-memes/server/memelibrary/assets.go:1574.16,1576.3 1 0
github.com/mattermost/mattermost-plugin-memes/server/memelibrary/assets.go:1578.2,1580.15 3 1
github.com/mattermost/mattermost-plugin-memes/server/memelibrary/assets.go:1585.46,1590.2 1 1
github.com/mattermost/mattermost-plugin-memes/server/memelibrary/assets.go:1592.41,1594.16 2 1
github.com/mattermost/mattermost-plugin-memes/server/memelibrary/assets.go:1594.16,1596.3 1 0
github.com/mattermost/mattermost-plugin-memes/server/memelibrary/assets.go:1598.2,1600.15 3 1
github.com/mattermost/mattermost-plugin-memes/server/memelibrary/assets.go:1605.47,1610.2 1 1
github.com/mattermost/mattermost-plugin-memes/server/memelibrary/assets.go:1612.42,1614.16 2 1
github.com/mattermost/mattermost-plugin-memes/server/memelibrary/assets.go:1614.16,1616.3 1 0
github.com/mattermost/mattermost-plugin-memes/server/memelibrary/assets.go:1618.2,1620.15 3 1
github.com/mattermost/mattermost-plugin-memes/server/memelibrary/assets.go:1625.52,1630.2 1 1
github.com/mattermost/mattermost-plugin-memes/server/memelibrary/assets.go:1632.47,1634.16 2 1
github.com/mattermost/mattermost-plugin-memes/server/memelibrary/assets.go:1634.16,1636.3 1 0
github.com/mattermost/mattermost-plugin-memes/server/memelibrary/assets.go:1638.2,1640.15 3 1
github.com/mattermost/mattermost-plugin-memes/server/memelibrary/assets.go:1645.46,1650.2 1 1
github.com/mattermost/mattermost-plugin-memes/server/memelibrary/assets.go:1652.41,1654.16 2 1
github.com/mattermost/mattermost-plugin-memes/server/memelibrary/assets.go:1654.16,1656.3 1 0
github.com/mattermost/mattermost-plugin-memes/server/memelibrary/assets.go:1658.2,1660.15 3 1
github.com/mattermost/mattermost-plugin-memes/server/memelibrary/assets.go:1665.60,1670.2 1 1
github.com/mattermost/mattermost-plugin-memes/server/memelibrary/assets.go:1672.55,1674.16 2 1
github.com/mattermost/mattermost-plugin-memes/server/memelibrary/assets.go:1674.16,1676.3 1 0
github.com/mattermost/mattermost-plugin-memes/server/memelibrary/assets.go:1678.2,1680.15 3 1
github.com/mattermost/mattermost-plugin-memes/server/memelibrary/assets.go:1685.53,1690.2 1 1
github.com/mattermost/mattermost-plugin-memes/server/memelibrary/assets.go:1692.48,1694.16 2 1
github.com/mattermost/mattermost-plugin-memes/server/memelibrary/assets.go:1694.16,1696.3 1 0
github.com/mattermost/mattermost-plugin-memes/server/memelibrary/assets.go:1698.2,1700.15 3 1
github.com/mattermost/mattermost-plugin-memes/server/memelibrary/assets.go:1705.49,1710.2 1 1
github.com/mattermost/mattermost-plugin-memes/server/memelibrary/assets.go:1712.44,1714.16 2 1
github.com/mattermost/mattermost-plugin-memes/server/memelibrary/assets.go:1714.16,1716.3 1 0
github.com/mattermost/mattermost-plugin-memes/server/memelibrary/assets.go:1718.2,1720.15 3 1
github.com/mattermost/mattermost-plugin-memes/server/memelibrary/assets.go:1725.53,1730.2 1 1
github.com/mattermost/mattermost-plugin-memes/server/memelibrary/assets.go:1732.48,1734.16 2 1
github.com/mattermost/mattermost-plugin-memes/server/memelibrary/assets.go:1734.16,1736.3 1 0
github.com/mattermost/mattermost-plugin-memes/server/memelibrary/assets.go:1738.2,1740.15 3 1
github.com/mattermost/mattermost-plugin-memes/server/memelibrary/assets.go:1745.51,1750.2 1 1
github.com/mattermost/mattermost-plugin-memes/server/memelibrary/assets.go:1752.46,1754.16 2 1
github.com/mattermost/mattermost-plugin-memes/server/memelibrary/assets.go:1754.16,1756.3 1 0
github.com/mattermost/mattermost-plugin-memes/server/memelibrary/assets.go:1758.2,1760.15 3 1
github.com/mattermost/mattermost-plugin-memes/server/memelibrary/assets.go:1765.49,1770.2 1 1
github.com/mattermost/mattermost-plugin-memes/server/memelibrary/assets.go:1772.44,1774.16 2 1
github.com/mattermost/mattermost-plugin-memes/server/memelibrary/assets.go:1774.16,1776.3 1 0
github.com/mattermost/mattermost-plugin-memes/server/memelibrary/assets.go:1778.2,1780.15 3 1
github.com/mattermost/mattermost-plugin-memes/server/memelibrary/assets.go:1785.53,1790.2 1 1
github.com/mattermost/mattermost-plugin-memes/server/memelibrary/assets.go:1792.48,1794.16 2 1
github.com/mattermost/mattermost-plugin-memes/server/memelibrary/assets.go:1794.16,1796.3 1 0
github.com/mattermost/mattermost-plugin-memes/server/memelibrary/assets.go:1798.2,1800.15 3 1
github.com/mattermost/mattermost-plugin-memes/server/memelibrary/assets.go:1805.59,1810.2 1 1
github.com/mattermost/mattermost-plugin-memes/server/memelibrary/assets.go:1812.54,1814.16 2 1
github.com/mattermost/mattermost-plugin-memes/server/memelibrary/assets.go:1814.16,1816.3 1 0
github.com/mattermost/mattermost-plugin-memes/server/memelibrary/assets.go:1818.2,1820.15 3 1
github.com/mattermost/mattermost-plugin-memes/server/memelibrary/assets.go:1825.55,1830.2 1 1
github.com/mattermost/mattermost-plugin-memes/server/memelibrary/assets.go:1832.50,1834.16 2 1
github.com/mattermost/mattermost-plugin-memes/server/memelibrary/assets.go:1834.16,1836.3 1 0
github.com/mattermost/mattermost-plugin-memes/server/memelibrary/assets.go:1838.2,1840.15 3 1
github.com/mattermost/mattermost-plugin-memes/server/memelibrary/assets.go:1845.50,1850.2 1 1
github.com/mattermost/mattermost-plugin-memes/server/memelibrary/assets.go:1852.45,1854.16 2 1
github.com/mattermost/mattermost-plugin-memes/server/memelibrary/assets.go:1854.16,1856.3 1 0
github.com/mattermost/mattermost-plugin-memes/server/memelibrary/assets.go:1858.2,1860.15 3 1
github.com/mattermost/mattermost-plugin-memes/server/memelibrary/assets.go:1865.51,1870.2 1 1
github.com/mattermost/mattermost-plugin-memes/server/memelibrary/assets.go:1872.46,1874.16 2 1
github.com/mattermost/mattermost-plugin-memes/server/memelibrary/assets.go:1874.16,1876.3 1 0
github.com/mattermost/mattermost-plugin-memes/server/memelibrary/assets.go:1878.2,1880.15 3 1
github.com/mattermost/mattermost-plugin-memes/server/memelibrary/assets.go:1885.58,1890.2 1 1
github.com/mattermost/mattermost-plugin-memes/server/memelibrary/assets.go:1892.53,1894.16 2 1
github.com/mattermost/mattermost-plugin-memes/server/memelibrary/assets.go:1894.16,1896.3 1 0
github.com/mattermost/mattermost-plugin-memes/server/memelibrary/assets.go:1898.2,1900.15 3 1
github.com/mattermost/mattermost-plugin-memes/server/memelibrary/assets.go:1905.47,1910.2 1 1
github.com/mattermost/mattermost-plugin-memes/server/memelibrary/assets.go:1912.42,1914.16 2 1
github.com/mattermost/mattermost-plugin-memes/server/memelibrary/assets.go:1914.16,1916.3 1 0
github.com/mattermost/mattermost-plugin-memes/server/memelibrary/assets.go:1918.2,1920.15 3 1
github.com/mattermost/mattermost-plugin-memes/server/memelibrary/assets.go:1925.66,1930.2 1 1
github.com/mattermost/mattermost-plugin-memes/server/memelibrary/assets.go:1932.61,1934.16 2 1
github.com/mattermost/mattermost-plugin-memes/server/memelibrary/assets.go:1934.16,1936.3 1 0
github.com/mattermost/mattermost-plugin-memes/server/memelibrary/assets.go:1938.2,1940.15 3 1
github.com/mattermost/mattermost-plugin-memes/server/memelibrary/assets.go:1945.55,1950.2 1 1
github.com/mattermost/mattermost-plugin-memes/server/memelibrary/assets.go:1952.50,1954.16 2 1
github.com/mattermost/mattermost-plugin-memes/server/memelibrary/assets.go:1954.16,1956.3 1 0
github.com/mattermost/mattermost-plugin-memes/server/memelibrary/assets.go:1958.2,1960.15 3 1
github.com/mattermost/mattermost-plugin-memes/server/memelibrary/assets.go:1965.56,1970.2 1 1
github.com/mattermost/mattermost-plugin-memes/server/memelibrary/assets.go:1972.51,1974.16 2 1
github.com/mattermost/mattermost-plugin-memes/server/memelibrary/assets.go:1974.16,1976.3 1 0
github.com/mattermost/mattermost-plugin-memes/server/memelibrary/assets.go:1978.2,1980.15 3 1
github.com/mattermost/mattermost-plugin-memes/server/memelibrary/assets.go:1985.53,1990.2 1 1
github.com/mattermost/mattermost-plugin-memes/server/memelibrary/assets.go:1992.48,1994.16 2 1
github.com/mattermost/mattermost-plugin-memes/server/memelibrary/assets.go:1994.16,1996.3 1 0
github.com/mattermost/mattermost-plugin-memes/server/memelibrary/assets.go:1998.2,2000.15 3 1
github.com/mattermost/mattermost-plugin-memes/server/memelibrary/assets.go:2005.51,2010.2 1 1
github.com/mattermost/mattermost-plugin-memes/server/memelibrary/assets.go:2012.46,2014.16 2 1
github.com/mattermost/mattermost-plugin-memes/server/memelibrary/assets.go:2014.16,2016.3 1 0
github.com/mattermost/mattermost-plugin-memes/server/memelibrary/assets.go:2018.2,2020.15 3 1
github.com/mattermost/mattermost-plugin-memes/server/memelibrary/assets.go:2025.57,2030.2 1 1
github.com/mattermost/mattermost-plugin-memes/server/memelibrary/assets.go:2032.52,2034.16 2 1
github.com/mattermost/mattermost-plugin-memes/server/memelibrary/assets.go:2034.16,2036.3 1 0
github.com/mattermost/mattermost-plugin-memes/server/memelibrary/assets.go:2038.2,2040.15 3 1
github.com/mattermost/mattermost-plugin-memes/server/memelibrary/assets.go:2045.62,2050.2 1 1
github.com/mattermost/mattermost-plugin-memes/server/memelibrary/assets.go:2052.57,2054.16 2 1
github.com/mattermost/mattermost-plugin-memes/server/memelibrary/assets.go:2054.16,2056.3 1 0
github.com/mattermost/mattermost-plugin-memes/server/memelibrary/assets.go:2058.2,2060.15 3 1
github.com/mattermost/mattermost-plugin-memes/server/memelibrary/assets.go:2065.51,2070.2 1 1
github.com/mattermost/mattermost-plugin-memes/server/memelibrary/assets.go:2072.46,2074.16 2 1
github.com/mattermost/mattermost-plugin-memes/server/memelibrary/assets.go:2074.16,2076.3 1 0
github.com/mattermost/mattermost-plugin-memes/server/memelibrary/assets.go:2078.2,2080.15 3 1
github.com/mattermost/mattermost-plugin-memes/server/memelibrary/assets.go:2085.62,2090.2 1 1
github.com/mattermost/mattermost-plugin-memes/server/memelibrary/assets.go:2092.57,2094.16 2 1
github.com/mattermost/mattermost-plugin-memes/server/memelibrary/assets.go:2094.16,2096.3 1 0
github.com/mattermost/mattermost-plugin-memes/server/memelibrary/assets.go:2098.2,2100.15 3 1
github.com/mattermost/mattermost-plugin-memes/server/memelibrary/assets.go:2105.51,2110.2 1 1
github.com/mattermost/mattermost-plugin-memes/server/memelibrary/assets.go:2112.46,2114.16 2 1
github.com/mattermost/mattermost-plugin-memes/server/memelibrary/assets.go:2114.16,2116.3 1 0
github.com/mattermost/mattermost-plugin-memes/server/memelibrary/assets.go:2118.2,2120.15 3 1
github.com/mattermost/mattermost-plugin-memes/server/memelibrary/assets.go:2125.52,2130.2 1 1
github.com/mattermost/mattermost-plugin-memes/server/memelibrary/assets.go:2132.47,2134.16 2 1
github.com/mattermost/mattermost-plugin-memes/server/memelibrary/assets.go:2134.16,2136.3 1 0
github.com/mattermost/mattermost-plugin-memes/server/memelibrary/assets.go:2138.2,2140.15 3 1
github.com/mattermost/mattermost-plugin-memes/server/memelibrary/assets.go:2145.52,2150.2 1 1
github.com/mattermost/mattermost-plugin-memes/server/memelibrary/assets.go:2152.47,2154.16 2 1
github.com/mattermost/mattermost-plugin-memes/server/memelibrary/assets.go:2154.16,2156.3 1 0
github.com/mattermost/mattermost-plugin-memes/server/memelibrary/assets.go:2158.2,2160.15 3 1
github.com/mattermost/mattermost-plugin-memes/server/memelibrary/assets.go:2165.58,2170.2 1 1
github.com/mattermost/mattermost-plugin-memes/server/memelibrary/assets.go:2172.53,2174.16 2 1
github.com/mattermost/mattermost-plugin-memes/server/memelibrary/assets.go:2174.16,2176.3 1 0
github.com/mattermost/mattermost-plugin-memes/server/memelibrary/assets.go:2178.2,2180.15 3 1
github.com/mattermost/mattermost-plugin-memes/server/memelibrary/assets.go:2185.73,2190.2 1 1
github.com/mattermost/mattermost-plugin-memes/server/memelibrary/assets.go:2192.68,2194.16 2 1
github.com/mattermost/mattermost-plugin-memes/server/memelibrary/assets.go:2194.16,2196.3 1 0
github.com/mattermost/mattermost-plugin-memes/server/memelibrary/assets.go:2198.2,2200.15 3 1
github.com/mattermost/mattermost-plugin-memes/server/memelibrary/assets.go:2205.56,2210.2 1 1
github.com/mattermost/mattermost-plugin-memes/server/memelibrary/assets.go:2212.51,2214.16 2 1
github.com/mattermost/mattermost-plugin-memes/server/memelibrary/assets.go:2214.16,2216.3 1 0
github.com/mattermost/mattermost-plugin-memes/server/memelibrary/assets.go:2218.2,2220.15 3 1
github.com/mattermost/mattermost-plugin-memes/server/memelibrary/assets.go:2225.52,2230.2 1 1
github.com/mattermost/mattermost-plugin-memes/server/memelibrary/assets.go:2232.47,2234.16 2 1
github.com/mattermost/mattermost-plugin-memes/server/memelibrary/assets.go:2234.16,2236.3 1 0
github.com/mattermost/mattermost-plugin-memes/server/memelibrary/assets.go:2238.2,2240.15 3 1
github.com/mattermost/mattermost-plugin-memes/server/memelibrary/assets.go:2245.53,2250.2 1 1
github.com/mattermost/mattermost-plugin-memes/server/memelibrary/assets.go:2252.48,2254.16 2 1
github.com/mattermost/mattermost-plugin-memes/server/memelibrary/assets.go:2254.16,2256.3 1 0
github.com/mattermost/mattermost-plugin-memes/server/memelibrary/assets.go:2258.2,2260.15 3 1
github.com/mattermost/mattermost-plugin-memes/server/memelibrary/assets.go:2265.51,2270.2 1 1
github.com/mattermost/mattermost-plugin-memes/server/memelibrary/assets.go:2272.46,2274.16 2 1
github.com/mattermost/mattermost-plugin-memes/server/memelibrary/assets.go:2274.16,2276.3 1 0
github.com/mattermost/mattermost-plugin-memes/server/memelibrary/assets.go:2278.2,2280.15 3 1
github.com/mattermost/mattermost-plugin-memes/server/memelibrary/assets.go:2285.54,2290.2 1 1
github.com/mattermost/mattermost-plugin-memes/server/memelibrary/assets.go:2292.49,2294.16 2 1
github.com/mattermost/mattermost-plugin-memes/server/memelibrary/assets.go:2294.16,2296.3 1 0
github.com/mattermost/mattermost-plugin-memes/server/memelibrary/assets.go:2298.2,2300.15 3 1
github.com/mattermost/mattermost-plugin-memes/server/memelibrary/assets.go:2305.50,2310.2 1 1
github.com/mattermost/mattermost-plugin-memes/server/memelibrary/assets.go:2312.45,2314.16 2 1
github.com/mattermost/mattermost-plugin-memes/server/memelibrary/assets.go:2314.16,2316.3 1 0
github.com/mattermost/mattermost-plugin-memes/server/memelibrary/assets.go:2318.2,2320.15 3 1
github.com/mattermost/mattermost-plugin-memes/server/memelibrary/assets.go:2325.58,2330.2 1 1
github.com/mattermost/mattermost-plugin-memes/server/memelibrary/assets.go:2332.53,2334.16 2 1
github.com/mattermost/mattermost-plugin-memes/server/memelibrary/assets.go:2334.16,2336.3 1 0
github.com/mattermost/mattermost-plugin-memes/server/memelibrary/assets.go:2338.2,2340.15 3 1
github.com/mattermost/mattermost-plugin-memes/server/memelibrary/assets.go:2345.56,2350.2 1 1
github.com/mattermost/mattermost-plugin-memes/server/memelibrary/assets.go:2352.51,2354.16 2 1
github.com/mattermost/mattermost-plugin-memes/server/memelibrary/assets.go:2354.16,2356.3 1 0
github.com/mattermost/mattermost-plugin-memes/server/memelibrary/assets.go:2358.2,2360.15 3 1
github.com/mattermost/mattermost-plugin-memes/server/memelibrary/assets.go:2365.52,2370.2 1 1
github.com/mattermost/mattermost-plugin-memes/server/memelibrary/assets.go:2372.47,2374.16 2 1
github.com/mattermost/mattermost-plugin-memes/server/memelibrary/assets.go:2374.16,2376.3 1 0
github.com/mattermost/mattermost-plugin-memes/server/memelibrary/assets.go:2378.2,2380.15 3 1
github.com/mattermost/mattermost-plugin-memes/server/memelibrary/assets.go:2385.46,2390.2 1 1
github.com/mattermost/mattermost-plugin-memes/server/memelibrary/assets.go:2392.41,2394.16 2 1
github.com/mattermost/mattermost-plugin-memes/server/memelibrary/assets.go:2394.16,2396.3 1 0
github.com/mattermost/mattermost-plugin-memes/server/memelibrary/assets.go:2398.2,2400.15 3 1
github.com/mattermost/mattermost-plugin-memes/server/memelibrary/assets.go:2405.56,2410.2 1 1
github.com/mattermost/mattermost-plugin-memes/server/memelibrary/assets.go:2412.51,2414.16 2 1
github.com/mattermost/mattermost-plugin-memes/server/memelibrary/assets.go:2414.16,2416.3 1 0
github.com/mattermost/mattermost-plugin-memes/server/memelibrary/assets.go:2418.2,2420.15 3 1
github.com/mattermost/mattermost-plugin-memes/server/memelibrary/assets.go:2425.48,2430.2 1 1
github.com/mattermost/mattermost-plugin-memes/server/memelibrary/assets.go:2432.43,2434.16 2 1
github.com/mattermost/mattermost-plugin-memes/server/memelibrary/assets.go:2434.16,2436.3 1 0
github.com/mattermost/mattermost-plugin-memes/server/memelibrary/assets.go:2438.2,2440.15 3 1
github.com/mattermost/mattermost-plugin-memes/server/memelibrary/assets.go:2446.41,2448.43 2 116
github.com/mattermost/mattermost-plugin-memes/server/memelibrary/assets.go:2448.43,2450.17 2 115
github.com/mattermost/mattermost-plugin-memes/server/memelibrary/assets.go:2450.17,2452.4 1 0
github.com/mattermost/mattermost-plugin-memes/server/memelibrary/assets.go:2453.3,2453.22 1 115
github.com/mattermost/mattermost-plugin-memes/server/memelibrary/assets.go:2455.2,2455.52 1 1
github.com/mattermost/mattermost-plugin-memes/server/memelibrary/assets.go:2460.36,2462.16 2 116
github.com/mattermost/mattermost-plugin-memes/server/memelibrary/assets.go:2462.16,2463.54 1 1
github.com/mattermost/mattermost-plugin-memes/server/memelibrary/assets.go:2466.2,2466.10 1 115
github.com/mattermost/mattermost-plugin-memes/server/memelibrary/assets.go:2472.50,2474.43 2 0
github.com/mattermost/mattermost-plugin-memes/server/memelibrary/assets.go:2474.43,2476.17 2 0
github.com/mattermost/mattermost-plugin-memes/server/memelibrary/assets.go:2476.17,2478.4 1 0
github.com/mattermost/mattermost-plugin-memes/server/memelibrary/assets.go:2479.3,2479.21 1 0
github.com/mattermost/mattermost-plugin-memes/server/memelibrary/assets.go:2481.2,2481.56 1 0
github.com/mattermost/mattermost-plugin-memes/server/memelibrary/assets.go:2485.28,2487.29 2 0
github.com/mattermost/mattermost-plugin-memes/server/memelibrary/assets.go:2487.29,2489.3 1 0
github.com/mattermost/mattermost-plugin-memes/server/memelibrary/assets.go:2490.2,2490.14 1 0
github.com/mattermost/mattermost-plugin-memes/server/memelibrary/assets.go:2623.46,2625.20 2 3
github.com/mattermost/mattermost-plugin-memes/server/memelibrary/assets.go:2625.20,2628.30 3 3
github.com/mattermost/mattermost-plugin-memes/server/memelibrary/assets.go:2628.30,2630.19 2 3
github.com/mattermost/mattermost-plugin-memes/server/memelibrary/assets.go:2630.19,2632.5 1 0
github.com/mattermost/mattermost-plugin-memes/server/memelibrary/assets.go:2635.2,2635.22 1 3
github.com/mattermost/mattermost-plugin-memes/server/memelibrary/assets.go:2635.22,2637.3 1 0
github.com/mattermost/mattermost-plugin-memes/server/memelibrary/assets.go:2638.2,2639.39 2 3
github.com/mattermost/mattermost-plugin-memes/server/memelibrary/assets.go:2639.39,2641.3 1 113
github.com/mattermost/mattermost-plugin-memes/server/memelibrary/assets.go:2642.2,2642.16 1 3
github.com/mattermost/mattermost-plugin-memes/server/memelibrary/assets.go:2772.43,2774.16 2 0
github.com/mattermost/mattermost-plugin-memes/server/memelibrary/assets.go:2774.16,2776.3 1 0
github.com/mattermost/mattermost-plugin-memes/server/memelibrary/assets.go:2777.2,2778.16 2 0
github.com/mattermost/mattermost-plugin-memes/server/memelibrary/assets.go:2778.16,2780.3 1 0
github.com/mattermost/mattermost-plugin-memes/server/memelibrary/assets.go:2781.2,2782.16 2 0
github.com/mattermost/mattermost-plugin-memes/server/memelibrary/assets.go:2782.16,2784.3 1 0
github.com/mattermost/mattermost-plugin-memes/server/memelibrary/assets.go:2785.2,2786.16 2 0
github.com/mattermost/mattermost-plugin-memes/server/memelibrary/assets.go:2786.16,2788.3 1 0
github.com/mattermost/mattermost-plugin-memes/server/memelibrary/assets.go:2789.2,2790.16 2 0
github.com/mattermost/mattermost-plugin-memes/server/memelibrary/assets.go:2790.16,2792.3 1 0
github.com/mattermost/mattermost-plugin-memes/server/memelibrary/assets.go:2793.2,2793.12 1 0
github.com/mattermost/mattermost-plugin-memes/server/memelibrary/assets.go:2797.44,2800.16 2 0
github.com/mattermost/mattermost-plugin-memes/server/memelibrary/assets.go:2800.16,2802.3 1 0
github.com/mattermost/mattermost-plugin-memes/server/memelibrary/assets.go:2804.2,2804.33 1 0
github.com/mattermost/mattermost-plugin-memes/server/memelibrary/assets.go:2804.33,2806.17 2 0
github.com/mattermost/mattermost-plugin-memes/server/memelibrary/assets.go:2806.17,2808.4 1 0
github.com/mattermost/mattermost-plugin-memes/server/memelibrary/assets.go:2810.2,2810.12 1 0
github.com/mattermost/mattermost-plugin-memes/server/memelibrary/assets.go:2813.41,2816.2 2 0
github.com/mattermost/mattermost-plugin-memes/server/memelibrary/memelibrary.go:23.42,26.2 2 57
github.com/mattermost/mattermost-plugin-memes/server/memelibrary/memelibrary.go:28.50,30.16 2 58
github.com/mattermost/mattermost-plugin-memes/server/memelibrary/memelibrary.go:30.16,31.13 1 1
github.com/mattermost/mattermost-plugin-memes/server/memelibrary/memelibrary.go:33.2,33.12 1 56
github.com/mattermost/mattermost-plugin-memes/server/memelibrary/memelibrary.go:36.13,38.39 2 1
github.com/mattermost/mattermost-plugin-memes/server/memelibrary/memelibrary.go:38.39,41.17 3 3
github.com/mattermost/mattermost-plugin-memes/server/memelibrary/memelibrary.go:41.17,42.14 1 0
github.com/mattermost/mattermost-plugin-memes/server/memelibrary/memelibrary.go:44.3,44.25 1 3
github.com/mattermost/mattermost-plugin-memes/server/memelibrary/memelibrary.go:47.2,48.40 2 1
github.com/mattermost/mattermost-plugin-memes/server/memelibrary/memelibrary.go:48.40,49.31 1 55
github.com/mattermost/mattermost-plugin-memes/server/memelibrary/memelibrary.go:49.31,50.12 1 0
github.com/mattermost/mattermost-plugin-memes/server/memelibrary/memelibrary.go:52.3,53.75 2 55
github.com/mattermost/mattermost-plugin-memes/server/memelibrary/memelibrary.go:56.2,57.43 2 1
github.com/mattermost/mattermost-plugin-memes/server/memelibrary/memelibrary.go:57.43,59.21 2 55
github.com/mattermost/mattermost-plugin-memes/server/memelibrary/memelibrary.go:59.21,60.12 1 0
github.com/mattermost/mattermost-plugin-memes/server/memelibrary/memelibrary.go:63.3,66.17 3 55
github.com/mattermost/mattermost-plugin-memes/server/memelibrary/memelibrary.go:66.17,67.14 1 0
github.com/mattermost/mattermost-plugin-memes/server/memelibrary/memelibrary.go:69.3,69.29 1 55
github.com/mattermost/mattermost-plugin-memes/server/memelibrary/memelibrary.go:72.2,72.47 1 1
github.com/mattermost/mattermost-plugin-memes/server/memelibrary/memelibrary.go:72.47,81.42 4 55
github.com/mattermost/mattermost-plugin-memes/server/memelibrary/memelibrary.go:81.42,83.4 1 46
github.com/mattermost/mattermost-plugin-memes/server/memelibrary/memelibrary.go:87.35,89.2 1 1
github.com/mattermost/mattermost-plugin-memes/server/memelibrary/memelibrary.go:91.43,93.2 1 23
github.com/mattermost/mattermost-plugin-memes/server/memelibrary/memelibrary.go:95.60,96.47 1 21
github.com/mattermost/mattermost-plugin-memes/server/memelibrary/memelibrary.go:96.47,97.56 1 582
github.com/mattermost/mattermost-plugin-memes/server/memelibrary/memelibrary.go:97.56,99.4 1 21
github.com/mattermost/mattermost-plugin-memes/server/memelibrary/memelibrary.go:101.2,101.17 1 0
github.com/mattermost/mattermost-plugin-memes/server/memelibrary/metadata.go:38.50,40.47 2 55
github.com/mattermost/mattermost-plugin-memes/server/memelibrary/metadata.go:40.47,42.3 1 0
github.com/mattermost/mattermost-plugin-memes/server/memelibrary/metadata.go:43.2,43.37 1 55
github.com/mattermost/mattermost-plugin-memes/server/memelibrary/metadata.go:43.37,45.17 2 21
github.com/mattermost/mattermost-plugin-memes/server/memelibrary/metadata.go:45.17,47.4 1 0
github.com/mattermost/mattermost-plugin-memes/server/memelibrary/metadata.go:48.3,48.22 1 21
github.com/mattermost/mattermost-plugin-memes/server/memelibrary/metadata.go:50.2,50.16 1 55
github.com/mattermost/mattermost-plugin-memes/server/memelibrary/metadata.go:53.56,54.37 1 582
github.com/mattermost/mattermost-plugin-memes/server/memelibrary/metadata.go:54.37,55.48 1 235
github.com/mattermost/mattermost-plugin-memes/server/memelibrary/metadata.go:55.48,57.4 1 21
github.com/mattermost/mattermost-plugin-memes/server/memelibrary/metadata.go:59.2,59.12 1 561
github.com/mattermost/mattermost-plugin-memes/server/memelibrary/metadata.go:62.79,63.20 1 55
github.com/mattermost/mattermost-plugin-memes/server/memelibrary/metadata.go:63.20,64.32 1 12
github.com/mattermost/mattermost-plugin-memes/server/memelibrary/metadata.go:64.32,68.23 2 34
github.com/mattermost/mattermost-plugin-memes/server/memelibrary/metadata.go:68.23,70.5 1 25
github.com/mattermost/mattermost-plugin-memes/server/memelibrary/metadata.go:70.10,75.5 4 9
github.com/mattermost/mattermost-plugin-memes/server/memelibrary/metadata.go:76.4,76.51 1 34
github.com/mattermost/mattermost-plugin-memes/server/memelibrary/metadata.go:76.51,78.5 1 7
github.com/mattermost/mattermost-plugin-memes/server/memelibrary/metadata.go:79.4,79.35 1 34
github.com/mattermost/mattermost-plugin-memes/server/memelibrary/metadata.go:81.3,81.9 1 12
github.com/mattermost/mattermost-plugin-memes/server/memelibrary/metadata.go:84.2,100.3 2 43
github.com/mattermost/mattermost-plugin-memes/server/memelibrary/metadata.go:103.40,104.16 1 34
github.com/mattermost/mattermost-plugin-memes/server/memelibrary/metadata.go:105.9,106.41 1 0
github.com/mattermost/mattermost-plugin-memes/server/memelibrary/metadata.go:107.9,108.72 1 0
github.com/mattermost/mattermost-plugin-memes/server/memelibrary/metadata.go:109.9,110.64 1 7
github.com/mattermost/mattermost-plugin-memes/server/memelibrary/metadata.go:111.9,112.72 1 0
github.com/mattermost/mattermost-plugin-memes/server/memelibrary/metadata.go:114.2,114.12 1 27
github.com/mattermost/mattermost-plugin-memes/server/memelibrary/metadata.go:117.55,118.73 1 235
github.com/mattermost/mattermost-plugin-memes/server/memelibrary/metadata.go:118.73,119.35 1 21
github.com/mattermost/mattermost-plugin-memes/server/memelibrary/metadata.go:119.35,121.4 1 47
github.com/mattermost/mattermost-plugin-memes/server/memelibrary/metadata.go:123.2,123.8 1 235
github.com/mattermost/mattermost-plugin-memes/server/plugin.go:26.66,27.72 1 0
github.com/mattermost/mattermost-plugin-memes/server/plugin.go:27.72,29.3 1 0
github.com/mattermost/mattermost-plugin-memes/server/plugin.go:30.2,31.16 2 0
github.com/mattermost/mattermost-plugin-memes/server/plugin.go:31.16,33.3 1 0
github.com/mattermost/mattermost-plugin-memes/server/plugin.go:34.2,34.65 1 0
github.com/mattermost/mattermost-plugin-memes/server/plugin.go:34.65,36.3 1 0
github.com/mattermost/mattermost-plugin-memes/server/plugin.go:37.2,37.55 1 0
github.com/mattermost/mattermost-plugin-memes/server/plugin.go:40.32,43.39 3 0
github.com/mattermost/mattermost-plugin-memes/server/plugin.go:43.39,45.3 1 0
github.com/mattermost/mattermost-plugin-memes/server/plugin.go:47.2,48.21 2 0
github.com/mattermost/mattermost-plugin-memes/server/plugin.go:48.21,50.3 1 0
github.com/mattermost/mattermost-plugin-memes/server/plugin.go:52.2,53.16 2 0
github.com/mattermost/mattermost-plugin-memes/server/plugin.go:53.16,55.3 1 0
github.com/mattermost/mattermost-plugin-memes/server/plugin.go:57.2,57.16 1 0
github.com/mattermost/mattermost-plugin-memes/server/plugin.go:57.16,59.17 2 0
github.com/mattermost/mattermost-plugin-memes/server/plugin.go:59.17,61.4 1 0
github.com/mattermost/mattermost-plugin-memes/server/plugin.go:62.3,65.17 3 0
github.com/mattermost/mattermost-plugin-memes/server/plugin.go:65.17,67.4 1 0
github.com/mattermost/mattermost-plugin-memes/server/plugin.go:68.3,70.18 1 0
github.com/mattermost/mattermost-plugin-memes/server/plugin.go:70.18,72.4 1 0
github.com/mattermost/mattermost-plugin-memes/server/plugin.go:75.2,75.12 1 0
github.com/mattermost/mattermost-plugin-memes/server/plugin.go:78.64,83.21 4 6
github.com/mattermost/mattermost-plugin-memes/server/plugin.go:83.21,86.3 2 1
github.com/mattermost/mattermost-plugin-memes/server/plugin.go:88.2,92.20 3 5
github.com/mattermost/mattermost-plugin-memes/server/plugin.go:92.20,93.35 1 2
github.com/mattermost/mattermost-plugin-memes/server/plugin.go:93.35,95.4 1 1
github.com/mattermost/mattermost-plugin-memes/server/plugin.go:98.2,99.16 2 5
github.com/mattermost/mattermost-plugin-memes/server/plugin.go:99.16,102.3 2 0
github.com/mattermost/mattermost-plugin-memes/server/plugin.go:104.2,108.17 3 5
github.com/mattermost/mattermost-plugin-memes/server/plugin.go:108.17,111.3 2 0
github.com/mattermost/mattermost-plugin-memes/server/plugin.go:120.37,121.54 1 0
github.com/mattermost/mattermost-plugin-memes/server/plugin.go:121.54,123.3 1 0
github.com/mattermost/mattermost-plugin-memes/server/plugin.go:124.2,126.68 3 0
github.com/mattermost/mattermost-plugin-memes/server/plugin.go:126.68,128.3 1 0
github.com/mattermost/mattermost-plugin-memes/server/plugin.go:129.2,129.12 1 0
github.com/mattermost/mattermost-plugin-memes/server/plugin.go:132.42,136.38 3 0
github.com/mattermost/mattermost-plugin-memes/server/plugin.go:136.38,140.3 3 0
github.com/mattermost/mattermost-plugin-memes/server/plugin.go:142.2,147.3 1 0
github.com/mattermost/mattermost-plugin-memes/server/plugin.go:150.35,152.50 2 0
github.com/mattermost/mattermost-plugin-memes/server/plugin.go:152.50,155.3 2 0
github.com/mattermost/mattermost-plugin-memes/server/plugin.go:156.2,157.23 2 0
github.com/mattermost/mattermost-plugin-memes/server/plugin.go:160.87,162.2 1 0
github.com/mattermost/mattermost-plugin-memes/server/plugin.go:164.119,169.36 3 0
github.com/mattermost/mattermost-plugin-memes/server/plugin.go:169.36,189.3 2 0
github.com/mattermost/mattermost-plugin-memes/server/plugin.go:191.2,192.16 2 0
github.com/mattermost/mattermost-plugin-memes/server/plugin.go:192.16,194.3 1 0
github.com/mattermost/mattermost-plugin-memes/server/plugin.go:196.2,197.25 2 0
github.com/mattermost/mattermost-plugin-memes/server/plugin.go:197.25,198.24 1 0
github.com/mattermost/mattermost-plugin-memes/server/plugin.go:198.24,200.4 1 0
github.com/mattermost/mattermost-plugin-memes/server/plugin.go:200.9,202.4 1 0
github.com/mattermost/mattermost-plugin-memes/server/plugin.go:203.3,203.46 1 0
github.com/mattermost/mattermost-plugin-memes/server/plugin.go:206.2,210.18 2 0
github.com/mattermost/mattermost-plugin-memes/server/plugin.go:213.38,216.16 3 0
github.com/mattermost/mattermost-plugin-memes/server/plugin.go:216.16,218.3 1 0
github.com/mattermost/mattermost-plugin-memes/server/plugin.go:219.2,219.16 1 0
github.com/mattermost/mattermost-plugin-memes/server/plugin.go:222.13,223.22 1 0
github.com/mattermost/mattermost-plugin-memes/server/plugin.go:223.22,224.43 1 0
github.com/mattermost/mattermost-plugin-memes/server/plugin.go:224.43,227.4 2 0
github.com/mattermost/mattermost-plugin-memes/server/plugin.go:228.8,230.3 1 0
